[2025-10-16T11:45:04.855+0000] {local_task_job_runner.py:120} INFO - ::group::Pre task execution logs
[2025-10-16T11:45:04.870+0000] {taskinstance.py:2076} INFO - Dependencies all met for dep_context=non-requeueable deps ti=<TaskInstance: Airflow_Depi.task3 scheduled__2025-10-16T11:44:00+00:00 [queued]>
[2025-10-16T11:45:04.876+0000] {taskinstance.py:2076} INFO - Dependencies all met for dep_context=requeueable deps ti=<TaskInstance: Airflow_Depi.task3 scheduled__2025-10-16T11:44:00+00:00 [queued]>
[2025-10-16T11:45:04.877+0000] {taskinstance.py:2306} INFO - Starting attempt 1 of 1
[2025-10-16T11:45:04.888+0000] {taskinstance.py:2330} INFO - Executing <Task(PythonOperator): task3> on 2025-10-16 11:44:00+00:00
[2025-10-16T11:45:04.895+0000] {warnings.py:112} WARNING - /home/***/.local/lib/python3.12/site-packages/***/task/task_runner/standard_task_runner.py:61: DeprecationWarning: This process (pid=163) is multi-threaded, use of fork() may lead to deadlocks in the child.
  pid = os.fork()

[2025-10-16T11:45:04.896+0000] {standard_task_runner.py:63} INFO - Started process 165 to run task
[2025-10-16T11:45:04.897+0000] {standard_task_runner.py:90} INFO - Running: ['***', 'tasks', 'run', 'Airflow_Depi', 'task3', 'scheduled__2025-10-16T11:44:00+00:00', '--job-id', '133', '--raw', '--subdir', 'DAGS_FOLDER/Airflow_depi.py', '--cfg-path', '/tmp/tmp59exjtsc']
[2025-10-16T11:45:04.899+0000] {standard_task_runner.py:91} INFO - Job 133: Subtask task3
[2025-10-16T11:45:04.908+0000] {warnings.py:112} WARNING - /home/***/.local/lib/python3.12/site-packages/***/settings.py:195: DeprecationWarning: The sql_alchemy_conn option in [core] has been moved to the sql_alchemy_conn option in [database] - the old setting has been used, but please update your config.
  SQL_ALCHEMY_CONN = conf.get("database", "SQL_ALCHEMY_CONN")

[2025-10-16T11:45:04.936+0000] {task_command.py:426} INFO - Running <TaskInstance: Airflow_Depi.task3 scheduled__2025-10-16T11:44:00+00:00 [running]> on host a31b0a3647d9
[2025-10-16T11:45:04.998+0000] {taskinstance.py:2648} INFO - Exporting env vars: AIRFLOW_CTX_DAG_OWNER='***' AIRFLOW_CTX_DAG_ID='Airflow_Depi' AIRFLOW_CTX_TASK_ID='task3' AIRFLOW_CTX_EXECUTION_DATE='2025-10-16T11:44:00+00:00' AIRFLOW_CTX_TRY_NUMBER='1' AIRFLOW_CTX_DAG_RUN_ID='scheduled__2025-10-16T11:44:00+00:00'
[2025-10-16T11:45:05.000+0000] {taskinstance.py:430} INFO - ::endgroup::
[2025-10-16T11:45:05.005+0000] {python.py:237} INFO - Done. Returned value was: None
[2025-10-16T11:45:05.005+0000] {taskinstance.py:441} INFO - ::group::Post task execution logs
[2025-10-16T11:45:05.012+0000] {taskinstance.py:1206} INFO - Marking task as SUCCESS. dag_id=Airflow_Depi, task_id=task3, run_id=scheduled__2025-10-16T11:44:00+00:00, execution_date=20251016T114400, start_date=20251016T114504, end_date=20251016T114505
[2025-10-16T11:45:05.033+0000] {local_task_job_runner.py:240} INFO - Task exited with return code 0
[2025-10-16T11:45:05.046+0000] {taskinstance.py:3503} INFO - 0 downstream tasks scheduled from follow-on schedule check
[2025-10-16T11:45:05.048+0000] {local_task_job_runner.py:222} INFO - ::endgroup::
