[2025-10-16T14:31:59.476+0000] {local_task_job_runner.py:120} INFO - ::group::Pre task execution logs
[2025-10-16T14:31:59.504+0000] {taskinstance.py:2076} INFO - Dependencies all met for dep_context=non-requeueable deps ti=<TaskInstance: email_task.task_sql scheduled__2025-10-16T14:30:00+00:00 [queued]>
[2025-10-16T14:31:59.515+0000] {taskinstance.py:2076} INFO - Dependencies all met for dep_context=requeueable deps ti=<TaskInstance: email_task.task_sql scheduled__2025-10-16T14:30:00+00:00 [queued]>
[2025-10-16T14:31:59.516+0000] {taskinstance.py:2306} INFO - Starting attempt 1 of 1
[2025-10-16T14:31:59.537+0000] {taskinstance.py:2330} INFO - Executing <Task(PythonOperator): task_sql> on 2025-10-16 14:30:00+00:00
[2025-10-16T14:31:59.550+0000] {warnings.py:112} WARNING - /home/***/.local/lib/python3.12/site-packages/***/task/task_runner/standard_task_runner.py:61: DeprecationWarning: This process (pid=250) is multi-threaded, use of fork() may lead to deadlocks in the child.
  pid = os.fork()

[2025-10-16T14:31:59.554+0000] {standard_task_runner.py:63} INFO - Started process 252 to run task
[2025-10-16T14:31:59.554+0000] {standard_task_runner.py:90} INFO - Running: ['***', 'tasks', 'run', 'email_task', 'task_sql', 'scheduled__2025-10-16T14:30:00+00:00', '--job-id', '161', '--raw', '--subdir', 'DAGS_FOLDER/email_task.py', '--cfg-path', '/tmp/tmpejpimwnd']
[2025-10-16T14:31:59.561+0000] {standard_task_runner.py:91} INFO - Job 161: Subtask task_sql
[2025-10-16T14:31:59.590+0000] {warnings.py:112} WARNING - /home/***/.local/lib/python3.12/site-packages/***/settings.py:195: DeprecationWarning: The sql_alchemy_conn option in [core] has been moved to the sql_alchemy_conn option in [database] - the old setting has been used, but please update your config.
  SQL_ALCHEMY_CONN = conf.get("database", "SQL_ALCHEMY_CONN")

[2025-10-16T14:31:59.667+0000] {task_command.py:426} INFO - Running <TaskInstance: email_task.task_sql scheduled__2025-10-16T14:30:00+00:00 [running]> on host a31b0a3647d9
[2025-10-16T14:31:59.851+0000] {taskinstance.py:2648} INFO - Exporting env vars: AIRFLOW_CTX_DAG_OWNER='***' AIRFLOW_CTX_DAG_ID='email_task' AIRFLOW_CTX_TASK_ID='task_sql' AIRFLOW_CTX_EXECUTION_DATE='2025-10-16T14:30:00+00:00' AIRFLOW_CTX_TRY_NUMBER='1' AIRFLOW_CTX_DAG_RUN_ID='scheduled__2025-10-16T14:30:00+00:00'
[2025-10-16T14:31:59.855+0000] {taskinstance.py:430} INFO - ::endgroup::
[2025-10-16T14:31:59.978+0000] {python.py:237} INFO - Done. Returned value was: None
[2025-10-16T14:31:59.981+0000] {taskinstance.py:441} INFO - ::group::Post task execution logs
[2025-10-16T14:32:00.002+0000] {taskinstance.py:1206} INFO - Marking task as SUCCESS. dag_id=email_task, task_id=task_sql, run_id=scheduled__2025-10-16T14:30:00+00:00, execution_date=20251016T143000, start_date=20251016T143159, end_date=20251016T143200
[2025-10-16T14:32:00.061+0000] {local_task_job_runner.py:240} INFO - Task exited with return code 0
[2025-10-16T14:32:00.104+0000] {taskinstance.py:3503} INFO - 1 downstream tasks scheduled from follow-on schedule check
[2025-10-16T14:32:00.110+0000] {local_task_job_runner.py:222} INFO - ::endgroup::
