[2025-10-16T11:43:49.761+0000] {local_task_job_runner.py:120} INFO - ::group::Pre task execution logs
[2025-10-16T11:43:49.781+0000] {taskinstance.py:2076} INFO - Dependencies all met for dep_context=non-requeueable deps ti=<TaskInstance: Airflow_Depi.task2 scheduled__2025-10-16T11:42:00+00:00 [queued]>
[2025-10-16T11:43:49.788+0000] {taskinstance.py:2076} INFO - Dependencies all met for dep_context=requeueable deps ti=<TaskInstance: Airflow_Depi.task2 scheduled__2025-10-16T11:42:00+00:00 [queued]>
[2025-10-16T11:43:49.789+0000] {taskinstance.py:2306} INFO - Starting attempt 1 of 1
[2025-10-16T11:43:49.800+0000] {taskinstance.py:2330} INFO - Executing <Task(PythonOperator): task2> on 2025-10-16 11:42:00+00:00
[2025-10-16T11:43:49.808+0000] {warnings.py:112} WARNING - /home/***/.local/lib/python3.12/site-packages/***/task/task_runner/standard_task_runner.py:61: DeprecationWarning: This process (pid=125) is multi-threaded, use of fork() may lead to deadlocks in the child.
  pid = os.fork()

[2025-10-16T11:43:49.809+0000] {standard_task_runner.py:63} INFO - Started process 135 to run task
[2025-10-16T11:43:49.810+0000] {standard_task_runner.py:90} INFO - Running: ['***', 'tasks', 'run', 'Airflow_Depi', 'task2', 'scheduled__2025-10-16T11:42:00+00:00', '--job-id', '121', '--raw', '--subdir', 'DAGS_FOLDER/Airflow_depi.py', '--cfg-path', '/tmp/tmpgamnx5jt']
[2025-10-16T11:43:49.812+0000] {standard_task_runner.py:91} INFO - Job 121: Subtask task2
[2025-10-16T11:43:49.823+0000] {warnings.py:112} WARNING - /home/***/.local/lib/python3.12/site-packages/***/settings.py:195: DeprecationWarning: The sql_alchemy_conn option in [core] has been moved to the sql_alchemy_conn option in [database] - the old setting has been used, but please update your config.
  SQL_ALCHEMY_CONN = conf.get("database", "SQL_ALCHEMY_CONN")

[2025-10-16T11:43:49.910+0000] {task_command.py:426} INFO - Running <TaskInstance: Airflow_Depi.task2 scheduled__2025-10-16T11:42:00+00:00 [running]> on host a31b0a3647d9
[2025-10-16T11:43:50.082+0000] {taskinstance.py:2648} INFO - Exporting env vars: AIRFLOW_CTX_DAG_OWNER='***' AIRFLOW_CTX_DAG_ID='Airflow_Depi' AIRFLOW_CTX_TASK_ID='task2' AIRFLOW_CTX_EXECUTION_DATE='2025-10-16T11:42:00+00:00' AIRFLOW_CTX_TRY_NUMBER='1' AIRFLOW_CTX_DAG_RUN_ID='scheduled__2025-10-16T11:42:00+00:00'
[2025-10-16T11:43:50.084+0000] {taskinstance.py:430} INFO - ::endgroup::
[2025-10-16T11:43:50.089+0000] {logging_mixin.py:188} INFO - wassup ali
[2025-10-16T11:43:50.090+0000] {python.py:237} INFO - Done. Returned value was: None
[2025-10-16T11:43:50.091+0000] {taskinstance.py:441} INFO - ::group::Post task execution logs
[2025-10-16T11:43:50.113+0000] {taskinstance.py:1206} INFO - Marking task as SUCCESS. dag_id=Airflow_Depi, task_id=task2, run_id=scheduled__2025-10-16T11:42:00+00:00, execution_date=20251016T114200, start_date=20251016T114349, end_date=20251016T114350
[2025-10-16T11:43:50.187+0000] {local_task_job_runner.py:240} INFO - Task exited with return code 0
[2025-10-16T11:43:50.208+0000] {taskinstance.py:3503} INFO - 1 downstream tasks scheduled from follow-on schedule check
[2025-10-16T11:43:50.212+0000] {local_task_job_runner.py:222} INFO - ::endgroup::
