[2025-10-16T11:48:02.245+0000] {local_task_job_runner.py:120} INFO - ::group::Pre task execution logs
[2025-10-16T11:48:02.261+0000] {taskinstance.py:2076} INFO - Dependencies all met for dep_context=non-requeueable deps ti=<TaskInstance: Airflow_Depi.task1 scheduled__2025-10-16T11:47:00+00:00 [queued]>
[2025-10-16T11:48:02.267+0000] {taskinstance.py:2076} INFO - Dependencies all met for dep_context=requeueable deps ti=<TaskInstance: Airflow_Depi.task1 scheduled__2025-10-16T11:47:00+00:00 [queued]>
[2025-10-16T11:48:02.272+0000] {taskinstance.py:2306} INFO - Starting attempt 1 of 1
[2025-10-16T11:48:02.299+0000] {taskinstance.py:2330} INFO - Executing <Task(BashOperator): task1> on 2025-10-16 11:47:00+00:00
[2025-10-16T11:48:02.307+0000] {warnings.py:112} WARNING - /home/***/.local/lib/python3.12/site-packages/***/task/task_runner/standard_task_runner.py:61: DeprecationWarning: This process (pid=186) is multi-threaded, use of fork() may lead to deadlocks in the child.
  pid = os.fork()

[2025-10-16T11:48:02.309+0000] {standard_task_runner.py:63} INFO - Started process 188 to run task
[2025-10-16T11:48:02.308+0000] {standard_task_runner.py:90} INFO - Running: ['***', 'tasks', 'run', 'Airflow_Depi', 'task1', 'scheduled__2025-10-16T11:47:00+00:00', '--job-id', '140', '--raw', '--subdir', 'DAGS_FOLDER/Airflow_depi.py', '--cfg-path', '/tmp/tmpj62a2rsj']
[2025-10-16T11:48:02.310+0000] {standard_task_runner.py:91} INFO - Job 140: Subtask task1
[2025-10-16T11:48:02.321+0000] {warnings.py:112} WARNING - /home/***/.local/lib/python3.12/site-packages/***/settings.py:195: DeprecationWarning: The sql_alchemy_conn option in [core] has been moved to the sql_alchemy_conn option in [database] - the old setting has been used, but please update your config.
  SQL_ALCHEMY_CONN = conf.get("database", "SQL_ALCHEMY_CONN")

[2025-10-16T11:48:02.361+0000] {task_command.py:426} INFO - Running <TaskInstance: Airflow_Depi.task1 scheduled__2025-10-16T11:47:00+00:00 [running]> on host a31b0a3647d9
[2025-10-16T11:48:02.431+0000] {taskinstance.py:2648} INFO - Exporting env vars: AIRFLOW_CTX_DAG_OWNER='***' AIRFLOW_CTX_DAG_ID='Airflow_Depi' AIRFLOW_CTX_TASK_ID='task1' AIRFLOW_CTX_EXECUTION_DATE='2025-10-16T11:47:00+00:00' AIRFLOW_CTX_TRY_NUMBER='1' AIRFLOW_CTX_DAG_RUN_ID='scheduled__2025-10-16T11:47:00+00:00'
[2025-10-16T11:48:02.434+0000] {taskinstance.py:430} INFO - ::endgroup::
[2025-10-16T11:48:02.435+0000] {subprocess.py:63} INFO - Tmp dir root location: /tmp
[2025-10-16T11:48:02.436+0000] {subprocess.py:75} INFO - Running command: ['/usr/bin/bash', '-c', 'date']
[2025-10-16T11:48:02.498+0000] {subprocess.py:86} INFO - Output:
[2025-10-16T11:48:02.500+0000] {subprocess.py:93} INFO - Thu Oct 16 11:48:02 UTC 2025
[2025-10-16T11:48:02.502+0000] {subprocess.py:97} INFO - Command exited with return code 0
[2025-10-16T11:48:02.507+0000] {taskinstance.py:441} INFO - ::group::Post task execution logs
[2025-10-16T11:48:02.954+0000] {taskinstance.py:1206} INFO - Marking task as SUCCESS. dag_id=Airflow_Depi, task_id=task1, run_id=scheduled__2025-10-16T11:47:00+00:00, execution_date=20251016T114700, start_date=20251016T114802, end_date=20251016T114802
[2025-10-16T11:48:03.008+0000] {local_task_job_runner.py:240} INFO - Task exited with return code 0
[2025-10-16T11:48:03.034+0000] {taskinstance.py:3503} INFO - 1 downstream tasks scheduled from follow-on schedule check
[2025-10-16T11:48:03.037+0000] {local_task_job_runner.py:222} INFO - ::endgroup::
