[2025-10-16T09:33:02.544+0000] {local_task_job_runner.py:120} INFO - ::group::Pre task execution logs
[2025-10-16T09:33:02.560+0000] {taskinstance.py:2076} INFO - Dependencies all met for dep_context=non-requeueable deps ti=<TaskInstance: dag1.say_hello scheduled__2025-10-16T09:32:00+00:00 [queued]>
[2025-10-16T09:33:02.566+0000] {taskinstance.py:2076} INFO - Dependencies all met for dep_context=requeueable deps ti=<TaskInstance: dag1.say_hello scheduled__2025-10-16T09:32:00+00:00 [queued]>
[2025-10-16T09:33:02.595+0000] {taskinstance.py:2306} INFO - Starting attempt 1 of 1
[2025-10-16T09:33:02.674+0000] {taskinstance.py:2330} INFO - Executing <Task(PythonOperator): say_hello> on 2025-10-16 09:32:00+00:00
[2025-10-16T09:33:02.680+0000] {warnings.py:112} WARNING - /home/***/.local/lib/python3.12/site-packages/***/task/task_runner/standard_task_runner.py:61: DeprecationWarning: This process (pid=78) is multi-threaded, use of fork() may lead to deadlocks in the child.
  pid = os.fork()

[2025-10-16T09:33:02.681+0000] {standard_task_runner.py:63} INFO - Started process 80 to run task
[2025-10-16T09:33:02.682+0000] {standard_task_runner.py:90} INFO - Running: ['***', 'tasks', 'run', 'dag1', 'say_hello', 'scheduled__2025-10-16T09:32:00+00:00', '--job-id', '9', '--raw', '--subdir', 'DAGS_FOLDER/dag1.py', '--cfg-path', '/tmp/tmpulyaepzh']
[2025-10-16T09:33:02.684+0000] {standard_task_runner.py:91} INFO - Job 9: Subtask say_hello
[2025-10-16T09:33:02.754+0000] {warnings.py:112} WARNING - /home/***/.local/lib/python3.12/site-packages/***/settings.py:195: DeprecationWarning: The sql_alchemy_conn option in [core] has been moved to the sql_alchemy_conn option in [database] - the old setting has been used, but please update your config.
  SQL_ALCHEMY_CONN = conf.get("database", "SQL_ALCHEMY_CONN")

[2025-10-16T09:33:02.783+0000] {task_command.py:426} INFO - Running <TaskInstance: dag1.say_hello scheduled__2025-10-16T09:32:00+00:00 [running]> on host bb861ccd12fb
[2025-10-16T09:33:03.013+0000] {taskinstance.py:2648} INFO - Exporting env vars: AIRFLOW_CTX_DAG_OWNER='***' AIRFLOW_CTX_DAG_ID='dag1' AIRFLOW_CTX_TASK_ID='say_hello' AIRFLOW_CTX_EXECUTION_DATE='2025-10-16T09:32:00+00:00' AIRFLOW_CTX_TRY_NUMBER='1' AIRFLOW_CTX_DAG_RUN_ID='scheduled__2025-10-16T09:32:00+00:00'
[2025-10-16T09:33:03.015+0000] {taskinstance.py:430} INFO - ::endgroup::
[2025-10-16T09:33:03.016+0000] {logging_mixin.py:188} INFO - Hello Airflow! This is my first DAG.
[2025-10-16T09:33:03.017+0000] {python.py:237} INFO - Done. Returned value was: None
[2025-10-16T09:33:03.017+0000] {taskinstance.py:441} INFO - ::group::Post task execution logs
[2025-10-16T09:33:03.024+0000] {taskinstance.py:1206} INFO - Marking task as SUCCESS. dag_id=dag1, task_id=say_hello, run_id=scheduled__2025-10-16T09:32:00+00:00, execution_date=20251016T093200, start_date=20251016T093302, end_date=20251016T093303
[2025-10-16T09:33:03.066+0000] {local_task_job_runner.py:240} INFO - Task exited with return code 0
[2025-10-16T09:33:03.078+0000] {taskinstance.py:3503} INFO - 0 downstream tasks scheduled from follow-on schedule check
[2025-10-16T09:33:03.114+0000] {local_task_job_runner.py:222} INFO - ::endgroup::
