[2025-10-16T10:19:20.228+0000] {local_task_job_runner.py:120} INFO - ::group::Pre task execution logs
[2025-10-16T10:19:20.250+0000] {taskinstance.py:2076} INFO - Dependencies all met for dep_context=non-requeueable deps ti=<TaskInstance: dag2.dag2_python_1 scheduled__2025-10-16T10:18:00+00:00 [queued]>
[2025-10-16T10:19:20.257+0000] {taskinstance.py:2076} INFO - Dependencies all met for dep_context=requeueable deps ti=<TaskInstance: dag2.dag2_python_1 scheduled__2025-10-16T10:18:00+00:00 [queued]>
[2025-10-16T10:19:20.395+0000] {taskinstance.py:2306} INFO - Starting attempt 1 of 1
[2025-10-16T10:19:20.474+0000] {taskinstance.py:2330} INFO - Executing <Task(PythonOperator): dag2_python_1> on 2025-10-16 10:18:00+00:00
[2025-10-16T10:19:20.483+0000] {warnings.py:112} WARNING - /home/***/.local/lib/python3.12/site-packages/***/task/task_runner/standard_task_runner.py:61: DeprecationWarning: This process (pid=329) is multi-threaded, use of fork() may lead to deadlocks in the child.
  pid = os.fork()

[2025-10-16T10:19:20.490+0000] {standard_task_runner.py:63} INFO - Started process 331 to run task
[2025-10-16T10:19:20.485+0000] {standard_task_runner.py:90} INFO - Running: ['***', 'tasks', 'run', 'dag2', 'dag2_python_1', 'scheduled__2025-10-16T10:18:00+00:00', '--job-id', '83', '--raw', '--subdir', 'DAGS_FOLDER/dag2.py', '--cfg-path', '/tmp/tmp6bvqozm1']
[2025-10-16T10:19:20.497+0000] {standard_task_runner.py:91} INFO - Job 83: Subtask dag2_python_1
[2025-10-16T10:19:20.514+0000] {warnings.py:112} WARNING - /home/***/.local/lib/python3.12/site-packages/***/settings.py:195: DeprecationWarning: The sql_alchemy_conn option in [core] has been moved to the sql_alchemy_conn option in [database] - the old setting has been used, but please update your config.
  SQL_ALCHEMY_CONN = conf.get("database", "SQL_ALCHEMY_CONN")

[2025-10-16T10:19:20.545+0000] {task_command.py:426} INFO - Running <TaskInstance: dag2.dag2_python_1 scheduled__2025-10-16T10:18:00+00:00 [running]> on host bb861ccd12fb
[2025-10-16T10:19:20.649+0000] {taskinstance.py:2648} INFO - Exporting env vars: AIRFLOW_CTX_DAG_OWNER='***' AIRFLOW_CTX_DAG_ID='dag2' AIRFLOW_CTX_TASK_ID='dag2_python_1' AIRFLOW_CTX_EXECUTION_DATE='2025-10-16T10:18:00+00:00' AIRFLOW_CTX_TRY_NUMBER='1' AIRFLOW_CTX_DAG_RUN_ID='scheduled__2025-10-16T10:18:00+00:00'
[2025-10-16T10:19:20.658+0000] {taskinstance.py:430} INFO - ::endgroup::
[2025-10-16T10:19:20.660+0000] {logging_mixin.py:188} INFO - bash you have 0 age
[2025-10-16T10:19:20.661+0000] {logging_mixin.py:188} INFO - bash you have 1 age
[2025-10-16T10:19:20.662+0000] {logging_mixin.py:188} INFO - bash you have 2 age
[2025-10-16T10:19:20.663+0000] {python.py:237} INFO - Done. Returned value was: None
[2025-10-16T10:19:20.663+0000] {taskinstance.py:441} INFO - ::group::Post task execution logs
[2025-10-16T10:19:20.674+0000] {taskinstance.py:1206} INFO - Marking task as SUCCESS. dag_id=dag2, task_id=dag2_python_1, run_id=scheduled__2025-10-16T10:18:00+00:00, execution_date=20251016T101800, start_date=20251016T101920, end_date=20251016T101920
[2025-10-16T10:19:20.754+0000] {local_task_job_runner.py:240} INFO - Task exited with return code 0
[2025-10-16T10:19:20.768+0000] {taskinstance.py:3503} INFO - 0 downstream tasks scheduled from follow-on schedule check
[2025-10-16T10:19:20.814+0000] {local_task_job_runner.py:222} INFO - ::endgroup::
