[2025-10-16T10:15:02.612+0000] {local_task_job_runner.py:120} INFO - ::group::Pre task execution logs
[2025-10-16T10:15:02.643+0000] {taskinstance.py:2076} INFO - Dependencies all met for dep_context=non-requeueable deps ti=<TaskInstance: dag2.dag2_python_1 scheduled__2025-10-16T10:14:00+00:00 [queued]>
[2025-10-16T10:15:02.656+0000] {taskinstance.py:2076} INFO - Dependencies all met for dep_context=requeueable deps ti=<TaskInstance: dag2.dag2_python_1 scheduled__2025-10-16T10:14:00+00:00 [queued]>
[2025-10-16T10:15:02.661+0000] {taskinstance.py:2306} INFO - Starting attempt 1 of 1
[2025-10-16T10:15:02.681+0000] {taskinstance.py:2330} INFO - Executing <Task(PythonOperator): dag2_python_1> on 2025-10-16 10:14:00+00:00
[2025-10-16T10:15:02.690+0000] {warnings.py:112} WARNING - /home/***/.local/lib/python3.12/site-packages/***/task/task_runner/standard_task_runner.py:61: DeprecationWarning: This process (pid=301) is multi-threaded, use of fork() may lead to deadlocks in the child.
  pid = os.fork()

[2025-10-16T10:15:02.692+0000] {standard_task_runner.py:63} INFO - Started process 303 to run task
[2025-10-16T10:15:02.691+0000] {standard_task_runner.py:90} INFO - Running: ['***', 'tasks', 'run', 'dag2', 'dag2_python_1', 'scheduled__2025-10-16T10:14:00+00:00', '--job-id', '75', '--raw', '--subdir', 'DAGS_FOLDER/dag2.py', '--cfg-path', '/tmp/tmpu8s1m4h6']
[2025-10-16T10:15:02.698+0000] {standard_task_runner.py:91} INFO - Job 75: Subtask dag2_python_1
[2025-10-16T10:15:02.710+0000] {warnings.py:112} WARNING - /home/***/.local/lib/python3.12/site-packages/***/settings.py:195: DeprecationWarning: The sql_alchemy_conn option in [core] has been moved to the sql_alchemy_conn option in [database] - the old setting has been used, but please update your config.
  SQL_ALCHEMY_CONN = conf.get("database", "SQL_ALCHEMY_CONN")

[2025-10-16T10:15:02.755+0000] {task_command.py:426} INFO - Running <TaskInstance: dag2.dag2_python_1 scheduled__2025-10-16T10:14:00+00:00 [running]> on host bb861ccd12fb
[2025-10-16T10:15:02.857+0000] {taskinstance.py:2648} INFO - Exporting env vars: AIRFLOW_CTX_DAG_OWNER='***' AIRFLOW_CTX_DAG_ID='dag2' AIRFLOW_CTX_TASK_ID='dag2_python_1' AIRFLOW_CTX_EXECUTION_DATE='2025-10-16T10:14:00+00:00' AIRFLOW_CTX_TRY_NUMBER='1' AIRFLOW_CTX_DAG_RUN_ID='scheduled__2025-10-16T10:14:00+00:00'
[2025-10-16T10:15:02.862+0000] {taskinstance.py:430} INFO - ::endgroup::
[2025-10-16T10:15:02.863+0000] {logging_mixin.py:188} INFO - bash you have 0 age
[2025-10-16T10:15:02.865+0000] {logging_mixin.py:188} INFO - bash you have 1 age
[2025-10-16T10:15:02.867+0000] {logging_mixin.py:188} INFO - bash you have 2 age
[2025-10-16T10:15:02.869+0000] {python.py:237} INFO - Done. Returned value was: None
[2025-10-16T10:15:02.871+0000] {taskinstance.py:441} INFO - ::group::Post task execution logs
[2025-10-16T10:15:02.882+0000] {taskinstance.py:1206} INFO - Marking task as SUCCESS. dag_id=dag2, task_id=dag2_python_1, run_id=scheduled__2025-10-16T10:14:00+00:00, execution_date=20251016T101400, start_date=20251016T101502, end_date=20251016T101502
[2025-10-16T10:15:02.911+0000] {local_task_job_runner.py:240} INFO - Task exited with return code 0
[2025-10-16T10:15:02.927+0000] {taskinstance.py:3503} INFO - 0 downstream tasks scheduled from follow-on schedule check
[2025-10-16T10:15:02.932+0000] {local_task_job_runner.py:222} INFO - ::endgroup::
