[2025-10-16T11:36:05.075+0000] {local_task_job_runner.py:120} INFO - ::group::Pre task execution logs
[2025-10-16T11:36:05.096+0000] {taskinstance.py:2076} INFO - Dependencies all met for dep_context=non-requeueable deps ti=<TaskInstance: Airflow_Depi.task1 scheduled__2025-10-16T11:35:00+00:00 [queued]>
[2025-10-16T11:36:05.102+0000] {taskinstance.py:2076} INFO - Dependencies all met for dep_context=requeueable deps ti=<TaskInstance: Airflow_Depi.task1 scheduled__2025-10-16T11:35:00+00:00 [queued]>
[2025-10-16T11:36:05.103+0000] {taskinstance.py:2306} INFO - Starting attempt 1 of 1
[2025-10-16T11:36:05.116+0000] {taskinstance.py:2330} INFO - Executing <Task(BashOperator): task1> on 2025-10-16 11:35:00+00:00
[2025-10-16T11:36:05.123+0000] {warnings.py:112} WARNING - /home/***/.local/lib/python3.12/site-packages/***/task/task_runner/standard_task_runner.py:61: DeprecationWarning: This process (pid=57) is multi-threaded, use of fork() may lead to deadlocks in the child.
  pid = os.fork()

[2025-10-16T11:36:05.124+0000] {standard_task_runner.py:63} INFO - Started process 61 to run task
[2025-10-16T11:36:05.124+0000] {standard_task_runner.py:90} INFO - Running: ['***', 'tasks', 'run', 'Airflow_Depi', 'task1', 'scheduled__2025-10-16T11:35:00+00:00', '--job-id', '102', '--raw', '--subdir', 'DAGS_FOLDER/Airflow_depi.py', '--cfg-path', '/tmp/tmp00dz_ocr']
[2025-10-16T11:36:05.126+0000] {standard_task_runner.py:91} INFO - Job 102: Subtask task1
[2025-10-16T11:36:05.136+0000] {warnings.py:112} WARNING - /home/***/.local/lib/python3.12/site-packages/***/settings.py:195: DeprecationWarning: The sql_alchemy_conn option in [core] has been moved to the sql_alchemy_conn option in [database] - the old setting has been used, but please update your config.
  SQL_ALCHEMY_CONN = conf.get("database", "SQL_ALCHEMY_CONN")

[2025-10-16T11:36:05.175+0000] {task_command.py:426} INFO - Running <TaskInstance: Airflow_Depi.task1 scheduled__2025-10-16T11:35:00+00:00 [running]> on host a31b0a3647d9
[2025-10-16T11:36:05.345+0000] {taskinstance.py:2648} INFO - Exporting env vars: AIRFLOW_CTX_DAG_OWNER='***' AIRFLOW_CTX_DAG_ID='Airflow_Depi' AIRFLOW_CTX_TASK_ID='task1' AIRFLOW_CTX_EXECUTION_DATE='2025-10-16T11:35:00+00:00' AIRFLOW_CTX_TRY_NUMBER='1' AIRFLOW_CTX_DAG_RUN_ID='scheduled__2025-10-16T11:35:00+00:00'
[2025-10-16T11:36:05.353+0000] {taskinstance.py:430} INFO - ::endgroup::
[2025-10-16T11:36:05.356+0000] {subprocess.py:63} INFO - Tmp dir root location: /tmp
[2025-10-16T11:36:05.358+0000] {subprocess.py:75} INFO - Running command: ['/usr/bin/bash', '-c', 'date']
[2025-10-16T11:36:05.368+0000] {subprocess.py:86} INFO - Output:
[2025-10-16T11:36:05.370+0000] {subprocess.py:93} INFO - Thu Oct 16 11:36:05 UTC 2025
[2025-10-16T11:36:05.370+0000] {subprocess.py:97} INFO - Command exited with return code 0
[2025-10-16T11:36:05.371+0000] {taskinstance.py:441} INFO - ::group::Post task execution logs
[2025-10-16T11:36:05.396+0000] {taskinstance.py:1206} INFO - Marking task as SUCCESS. dag_id=Airflow_Depi, task_id=task1, run_id=scheduled__2025-10-16T11:35:00+00:00, execution_date=20251016T113500, start_date=20251016T113605, end_date=20251016T113605
[2025-10-16T11:36:05.424+0000] {local_task_job_runner.py:240} INFO - Task exited with return code 0
[2025-10-16T11:36:05.442+0000] {taskinstance.py:3503} INFO - 1 downstream tasks scheduled from follow-on schedule check
[2025-10-16T11:36:05.444+0000] {local_task_job_runner.py:222} INFO - ::endgroup::
