[2025-10-16T14:33:02.962+0000] {local_task_job_runner.py:120} INFO - ::group::Pre task execution logs
[2025-10-16T14:33:03.023+0000] {taskinstance.py:2076} INFO - Dependencies all met for dep_context=non-requeueable deps ti=<TaskInstance: email_task.task_sql scheduled__2025-10-16T14:32:00+00:00 [queued]>
[2025-10-16T14:33:03.044+0000] {taskinstance.py:2076} INFO - Dependencies all met for dep_context=requeueable deps ti=<TaskInstance: email_task.task_sql scheduled__2025-10-16T14:32:00+00:00 [queued]>
[2025-10-16T14:33:03.047+0000] {taskinstance.py:2306} INFO - Starting attempt 1 of 1
[2025-10-16T14:33:03.074+0000] {taskinstance.py:2330} INFO - Executing <Task(PythonOperator): task_sql> on 2025-10-16 14:32:00+00:00
[2025-10-16T14:33:03.085+0000] {warnings.py:112} WARNING - /home/***/.local/lib/python3.12/site-packages/***/task/task_runner/standard_task_runner.py:61: DeprecationWarning: This process (pid=262) is multi-threaded, use of fork() may lead to deadlocks in the child.
  pid = os.fork()

[2025-10-16T14:33:03.088+0000] {standard_task_runner.py:63} INFO - Started process 264 to run task
[2025-10-16T14:33:03.088+0000] {standard_task_runner.py:90} INFO - Running: ['***', 'tasks', 'run', 'email_task', 'task_sql', 'scheduled__2025-10-16T14:32:00+00:00', '--job-id', '165', '--raw', '--subdir', 'DAGS_FOLDER/email_task.py', '--cfg-path', '/tmp/tmpudi9lh_3']
[2025-10-16T14:33:03.092+0000] {standard_task_runner.py:91} INFO - Job 165: Subtask task_sql
[2025-10-16T14:33:03.109+0000] {warnings.py:112} WARNING - /home/***/.local/lib/python3.12/site-packages/***/settings.py:195: DeprecationWarning: The sql_alchemy_conn option in [core] has been moved to the sql_alchemy_conn option in [database] - the old setting has been used, but please update your config.
  SQL_ALCHEMY_CONN = conf.get("database", "SQL_ALCHEMY_CONN")

[2025-10-16T14:33:03.184+0000] {task_command.py:426} INFO - Running <TaskInstance: email_task.task_sql scheduled__2025-10-16T14:32:00+00:00 [running]> on host a31b0a3647d9
[2025-10-16T14:33:03.329+0000] {taskinstance.py:2648} INFO - Exporting env vars: AIRFLOW_CTX_DAG_OWNER='***' AIRFLOW_CTX_DAG_ID='email_task' AIRFLOW_CTX_TASK_ID='task_sql' AIRFLOW_CTX_EXECUTION_DATE='2025-10-16T14:32:00+00:00' AIRFLOW_CTX_TRY_NUMBER='1' AIRFLOW_CTX_DAG_RUN_ID='scheduled__2025-10-16T14:32:00+00:00'
[2025-10-16T14:33:03.335+0000] {taskinstance.py:430} INFO - ::endgroup::
[2025-10-16T14:33:03.448+0000] {python.py:237} INFO - Done. Returned value was: None
[2025-10-16T14:33:03.450+0000] {taskinstance.py:441} INFO - ::group::Post task execution logs
[2025-10-16T14:33:03.465+0000] {taskinstance.py:1206} INFO - Marking task as SUCCESS. dag_id=email_task, task_id=task_sql, run_id=scheduled__2025-10-16T14:32:00+00:00, execution_date=20251016T143200, start_date=20251016T143303, end_date=20251016T143303
[2025-10-16T14:33:03.524+0000] {local_task_job_runner.py:240} INFO - Task exited with return code 0
[2025-10-16T14:33:03.551+0000] {taskinstance.py:3503} INFO - 1 downstream tasks scheduled from follow-on schedule check
[2025-10-16T14:33:03.561+0000] {local_task_job_runner.py:222} INFO - ::endgroup::
