[2025-10-16T14:05:33.769+0000] {local_task_job_runner.py:120} INFO - ::group::Pre task execution logs
[2025-10-16T14:05:33.794+0000] {taskinstance.py:2076} INFO - Dependencies all met for dep_context=non-requeueable deps ti=<TaskInstance: email_task.task_mail manual__2025-10-16T14:05:26.404973+00:00 [queued]>
[2025-10-16T14:05:33.804+0000] {taskinstance.py:2076} INFO - Dependencies all met for dep_context=requeueable deps ti=<TaskInstance: email_task.task_mail manual__2025-10-16T14:05:26.404973+00:00 [queued]>
[2025-10-16T14:05:33.808+0000] {taskinstance.py:2306} INFO - Starting attempt 1 of 1
[2025-10-16T14:05:33.823+0000] {taskinstance.py:2330} INFO - Executing <Task(EmailOperator): task_mail> on 2025-10-16 14:05:26.404973+00:00
[2025-10-16T14:05:33.832+0000] {warnings.py:112} WARNING - /home/***/.local/lib/python3.12/site-packages/***/task/task_runner/standard_task_runner.py:61: DeprecationWarning: This process (pid=223) is multi-threaded, use of fork() may lead to deadlocks in the child.
  pid = os.fork()

[2025-10-16T14:05:33.834+0000] {standard_task_runner.py:63} INFO - Started process 225 to run task
[2025-10-16T14:05:33.834+0000] {standard_task_runner.py:90} INFO - Running: ['***', 'tasks', 'run', 'email_task', 'task_mail', 'manual__2025-10-16T14:05:26.404973+00:00', '--job-id', '152', '--raw', '--subdir', 'DAGS_FOLDER/email_task.py', '--cfg-path', '/tmp/tmpwot7pno2']
[2025-10-16T14:05:33.839+0000] {standard_task_runner.py:91} INFO - Job 152: Subtask task_mail
[2025-10-16T14:05:33.853+0000] {warnings.py:112} WARNING - /home/***/.local/lib/python3.12/site-packages/***/settings.py:195: DeprecationWarning: The sql_alchemy_conn option in [core] has been moved to the sql_alchemy_conn option in [database] - the old setting has been used, but please update your config.
  SQL_ALCHEMY_CONN = conf.get("database", "SQL_ALCHEMY_CONN")

[2025-10-16T14:05:33.899+0000] {task_command.py:426} INFO - Running <TaskInstance: email_task.task_mail manual__2025-10-16T14:05:26.404973+00:00 [running]> on host a31b0a3647d9
[2025-10-16T14:05:33.985+0000] {taskinstance.py:2648} INFO - Exporting env vars: AIRFLOW_CTX_DAG_OWNER='***' AIRFLOW_CTX_DAG_ID='email_task' AIRFLOW_CTX_TASK_ID='task_mail' AIRFLOW_CTX_EXECUTION_DATE='2025-10-16T14:05:26.404973+00:00' AIRFLOW_CTX_TRY_NUMBER='1' AIRFLOW_CTX_DAG_RUN_ID='manual__2025-10-16T14:05:26.404973+00:00'
[2025-10-16T14:05:33.987+0000] {taskinstance.py:430} INFO - ::endgroup::
[2025-10-16T14:05:34.002+0000] {warnings.py:112} WARNING - /home/***/.local/lib/python3.12/site-packages/***/utils/email.py:154: RemovedInAirflow3Warning: Fetching SMTP credentials from configuration variables will be deprecated in a future release. Please set credentials using a connection instead.
  send_mime_email(e_from=mail_from, e_to=recipients, mime_msg=msg, conn_id=conn_id, dryrun=dryrun)

[2025-10-16T14:05:34.003+0000] {email.py:271} INFO - Email alerting: attempt 1
[2025-10-16T14:05:34.635+0000] {email.py:282} INFO - Sent an alert email to ['aaahmedzekri@gmail.com']
[2025-10-16T14:05:35.635+0000] {taskinstance.py:441} INFO - ::group::Post task execution logs
[2025-10-16T14:05:35.645+0000] {taskinstance.py:1206} INFO - Marking task as SUCCESS. dag_id=email_task, task_id=task_mail, run_id=manual__2025-10-16T14:05:26.404973+00:00, execution_date=20251016T140526, start_date=20251016T140533, end_date=20251016T140535
[2025-10-16T14:05:35.682+0000] {local_task_job_runner.py:240} INFO - Task exited with return code 0
[2025-10-16T14:05:35.709+0000] {taskinstance.py:3503} INFO - 0 downstream tasks scheduled from follow-on schedule check
[2025-10-16T14:05:35.714+0000] {local_task_job_runner.py:222} INFO - ::endgroup::
