[2025-10-16T11:43:46.025+0000] {local_task_job_runner.py:120} INFO - ::group::Pre task execution logs
[2025-10-16T11:43:46.052+0000] {taskinstance.py:2076} INFO - Dependencies all met for dep_context=non-requeueable deps ti=<TaskInstance: Airflow_Depi.task1 scheduled__2025-10-16T11:34:00+00:00 [queued]>
[2025-10-16T11:43:46.059+0000] {taskinstance.py:2076} INFO - Dependencies all met for dep_context=requeueable deps ti=<TaskInstance: Airflow_Depi.task1 scheduled__2025-10-16T11:34:00+00:00 [queued]>
[2025-10-16T11:43:46.059+0000] {taskinstance.py:2306} INFO - Starting attempt 2 of 2
[2025-10-16T11:43:46.070+0000] {taskinstance.py:2330} INFO - Executing <Task(BashOperator): task1> on 2025-10-16 11:34:00+00:00
[2025-10-16T11:43:46.086+0000] {standard_task_runner.py:90} INFO - Running: ['***', 'tasks', 'run', 'Airflow_Depi', 'task1', 'scheduled__2025-10-16T11:34:00+00:00', '--job-id', '113', '--raw', '--subdir', 'DAGS_FOLDER/Airflow_depi.py', '--cfg-path', '/tmp/tmpu6oxsanr']
[2025-10-16T11:43:46.083+0000] {warnings.py:112} WARNING - /home/***/.local/lib/python3.12/site-packages/***/task/task_runner/standard_task_runner.py:61: DeprecationWarning: This process (pid=97) is multi-threaded, use of fork() may lead to deadlocks in the child.
  pid = os.fork()

[2025-10-16T11:43:46.091+0000] {standard_task_runner.py:91} INFO - Job 113: Subtask task1
[2025-10-16T11:43:46.092+0000] {standard_task_runner.py:63} INFO - Started process 106 to run task
[2025-10-16T11:43:46.174+0000] {warnings.py:112} WARNING - /home/***/.local/lib/python3.12/site-packages/***/settings.py:195: DeprecationWarning: The sql_alchemy_conn option in [core] has been moved to the sql_alchemy_conn option in [database] - the old setting has been used, but please update your config.
  SQL_ALCHEMY_CONN = conf.get("database", "SQL_ALCHEMY_CONN")

[2025-10-16T11:43:46.311+0000] {task_command.py:426} INFO - Running <TaskInstance: Airflow_Depi.task1 scheduled__2025-10-16T11:34:00+00:00 [running]> on host a31b0a3647d9
[2025-10-16T11:43:46.539+0000] {taskinstance.py:2648} INFO - Exporting env vars: AIRFLOW_CTX_DAG_OWNER='***' AIRFLOW_CTX_DAG_ID='Airflow_Depi' AIRFLOW_CTX_TASK_ID='task1' AIRFLOW_CTX_EXECUTION_DATE='2025-10-16T11:34:00+00:00' AIRFLOW_CTX_TRY_NUMBER='2' AIRFLOW_CTX_DAG_RUN_ID='scheduled__2025-10-16T11:34:00+00:00'
[2025-10-16T11:43:46.567+0000] {taskinstance.py:430} INFO - ::endgroup::
[2025-10-16T11:43:46.571+0000] {subprocess.py:63} INFO - Tmp dir root location: /tmp
[2025-10-16T11:43:46.574+0000] {subprocess.py:75} INFO - Running command: ['/usr/bin/bash', '-c', 'date']
[2025-10-16T11:43:46.598+0000] {subprocess.py:86} INFO - Output:
[2025-10-16T11:43:46.603+0000] {subprocess.py:93} INFO - Thu Oct 16 11:43:46 UTC 2025
[2025-10-16T11:43:46.604+0000] {subprocess.py:97} INFO - Command exited with return code 0
[2025-10-16T11:43:46.605+0000] {taskinstance.py:441} INFO - ::group::Post task execution logs
[2025-10-16T11:43:46.656+0000] {taskinstance.py:1206} INFO - Marking task as SUCCESS. dag_id=Airflow_Depi, task_id=task1, run_id=scheduled__2025-10-16T11:34:00+00:00, execution_date=20251016T113400, start_date=20251016T114346, end_date=20251016T114346
[2025-10-16T11:43:46.713+0000] {local_task_job_runner.py:240} INFO - Task exited with return code 0
[2025-10-16T11:43:46.748+0000] {taskinstance.py:3503} INFO - 1 downstream tasks scheduled from follow-on schedule check
[2025-10-16T11:43:46.751+0000] {local_task_job_runner.py:222} INFO - ::endgroup::
