[2025-10-16T14:05:31.950+0000] {local_task_job_runner.py:120} INFO - ::group::Pre task execution logs
[2025-10-16T14:05:31.970+0000] {taskinstance.py:2076} INFO - Dependencies all met for dep_context=non-requeueable deps ti=<TaskInstance: email_task.task_sql manual__2025-10-16T14:05:26.404973+00:00 [queued]>
[2025-10-16T14:05:31.978+0000] {taskinstance.py:2076} INFO - Dependencies all met for dep_context=requeueable deps ti=<TaskInstance: email_task.task_sql manual__2025-10-16T14:05:26.404973+00:00 [queued]>
[2025-10-16T14:05:31.981+0000] {taskinstance.py:2306} INFO - Starting attempt 1 of 1
[2025-10-16T14:05:31.994+0000] {taskinstance.py:2330} INFO - Executing <Task(PythonOperator): task_sql> on 2025-10-16 14:05:26.404973+00:00
[2025-10-16T14:05:32.003+0000] {warnings.py:112} WARNING - /home/***/.local/lib/python3.12/site-packages/***/task/task_runner/standard_task_runner.py:61: DeprecationWarning: This process (pid=220) is multi-threaded, use of fork() may lead to deadlocks in the child.
  pid = os.fork()

[2025-10-16T14:05:32.005+0000] {standard_task_runner.py:63} INFO - Started process 222 to run task
[2025-10-16T14:05:32.004+0000] {standard_task_runner.py:90} INFO - Running: ['***', 'tasks', 'run', 'email_task', 'task_sql', 'manual__2025-10-16T14:05:26.404973+00:00', '--job-id', '151', '--raw', '--subdir', 'DAGS_FOLDER/email_task.py', '--cfg-path', '/tmp/tmphihutyr6']
[2025-10-16T14:05:32.007+0000] {standard_task_runner.py:91} INFO - Job 151: Subtask task_sql
[2025-10-16T14:05:32.020+0000] {warnings.py:112} WARNING - /home/***/.local/lib/python3.12/site-packages/***/settings.py:195: DeprecationWarning: The sql_alchemy_conn option in [core] has been moved to the sql_alchemy_conn option in [database] - the old setting has been used, but please update your config.
  SQL_ALCHEMY_CONN = conf.get("database", "SQL_ALCHEMY_CONN")

[2025-10-16T14:05:32.055+0000] {task_command.py:426} INFO - Running <TaskInstance: email_task.task_sql manual__2025-10-16T14:05:26.404973+00:00 [running]> on host a31b0a3647d9
[2025-10-16T14:05:32.140+0000] {taskinstance.py:2648} INFO - Exporting env vars: AIRFLOW_CTX_DAG_OWNER='***' AIRFLOW_CTX_DAG_ID='email_task' AIRFLOW_CTX_TASK_ID='task_sql' AIRFLOW_CTX_EXECUTION_DATE='2025-10-16T14:05:26.404973+00:00' AIRFLOW_CTX_TRY_NUMBER='1' AIRFLOW_CTX_DAG_RUN_ID='manual__2025-10-16T14:05:26.404973+00:00'
[2025-10-16T14:05:32.142+0000] {taskinstance.py:430} INFO - ::endgroup::
[2025-10-16T14:05:32.228+0000] {python.py:237} INFO - Done. Returned value was: None
[2025-10-16T14:05:32.230+0000] {taskinstance.py:441} INFO - ::group::Post task execution logs
[2025-10-16T14:05:32.239+0000] {taskinstance.py:1206} INFO - Marking task as SUCCESS. dag_id=email_task, task_id=task_sql, run_id=manual__2025-10-16T14:05:26.404973+00:00, execution_date=20251016T140526, start_date=20251016T140531, end_date=20251016T140532
[2025-10-16T14:05:32.262+0000] {local_task_job_runner.py:240} INFO - Task exited with return code 0
[2025-10-16T14:05:32.281+0000] {taskinstance.py:3503} INFO - 1 downstream tasks scheduled from follow-on schedule check
[2025-10-16T14:05:32.287+0000] {local_task_job_runner.py:222} INFO - ::endgroup::
