[2025-10-16T14:07:05.921+0000] {local_task_job_runner.py:120} INFO - ::group::Pre task execution logs
[2025-10-16T14:07:05.952+0000] {taskinstance.py:2076} INFO - Dependencies all met for dep_context=non-requeueable deps ti=<TaskInstance: email_task.task_sql manual__2025-10-16T14:07:03.717703+00:00 [queued]>
[2025-10-16T14:07:05.967+0000] {taskinstance.py:2076} INFO - Dependencies all met for dep_context=requeueable deps ti=<TaskInstance: email_task.task_sql manual__2025-10-16T14:07:03.717703+00:00 [queued]>
[2025-10-16T14:07:05.972+0000] {taskinstance.py:2306} INFO - Starting attempt 1 of 1
[2025-10-16T14:07:05.998+0000] {taskinstance.py:2330} INFO - Executing <Task(PythonOperator): task_sql> on 2025-10-16 14:07:03.717703+00:00
[2025-10-16T14:07:06.011+0000] {warnings.py:112} WARNING - /home/***/.local/lib/python3.12/site-packages/***/task/task_runner/standard_task_runner.py:61: DeprecationWarning: This process (pid=226) is multi-threaded, use of fork() may lead to deadlocks in the child.
  pid = os.fork()

[2025-10-16T14:07:06.015+0000] {standard_task_runner.py:63} INFO - Started process 228 to run task
[2025-10-16T14:07:06.014+0000] {standard_task_runner.py:90} INFO - Running: ['***', 'tasks', 'run', 'email_task', 'task_sql', 'manual__2025-10-16T14:07:03.717703+00:00', '--job-id', '153', '--raw', '--subdir', 'DAGS_FOLDER/email_task.py', '--cfg-path', '/tmp/tmpxtay4hvs']
[2025-10-16T14:07:06.021+0000] {standard_task_runner.py:91} INFO - Job 153: Subtask task_sql
[2025-10-16T14:07:06.042+0000] {warnings.py:112} WARNING - /home/***/.local/lib/python3.12/site-packages/***/settings.py:195: DeprecationWarning: The sql_alchemy_conn option in [core] has been moved to the sql_alchemy_conn option in [database] - the old setting has been used, but please update your config.
  SQL_ALCHEMY_CONN = conf.get("database", "SQL_ALCHEMY_CONN")

[2025-10-16T14:07:06.097+0000] {task_command.py:426} INFO - Running <TaskInstance: email_task.task_sql manual__2025-10-16T14:07:03.717703+00:00 [running]> on host a31b0a3647d9
[2025-10-16T14:07:06.244+0000] {taskinstance.py:2648} INFO - Exporting env vars: AIRFLOW_CTX_DAG_OWNER='***' AIRFLOW_CTX_DAG_ID='email_task' AIRFLOW_CTX_TASK_ID='task_sql' AIRFLOW_CTX_EXECUTION_DATE='2025-10-16T14:07:03.717703+00:00' AIRFLOW_CTX_TRY_NUMBER='1' AIRFLOW_CTX_DAG_RUN_ID='manual__2025-10-16T14:07:03.717703+00:00'
[2025-10-16T14:07:06.247+0000] {taskinstance.py:430} INFO - ::endgroup::
[2025-10-16T14:07:06.337+0000] {python.py:237} INFO - Done. Returned value was: None
[2025-10-16T14:07:06.339+0000] {taskinstance.py:441} INFO - ::group::Post task execution logs
[2025-10-16T14:07:06.355+0000] {taskinstance.py:1206} INFO - Marking task as SUCCESS. dag_id=email_task, task_id=task_sql, run_id=manual__2025-10-16T14:07:03.717703+00:00, execution_date=20251016T140703, start_date=20251016T140705, end_date=20251016T140706
[2025-10-16T14:07:06.410+0000] {local_task_job_runner.py:240} INFO - Task exited with return code 0
[2025-10-16T14:07:06.442+0000] {taskinstance.py:3503} INFO - 1 downstream tasks scheduled from follow-on schedule check
[2025-10-16T14:07:06.449+0000] {local_task_job_runner.py:222} INFO - ::endgroup::
