[2025-10-16T09:35:00.083+0000] {local_task_job_runner.py:120} INFO - ::group::Pre task execution logs
[2025-10-16T09:35:00.098+0000] {taskinstance.py:2076} INFO - Dependencies all met for dep_context=non-requeueable deps ti=<TaskInstance: dag1.say_hello scheduled__2025-10-16T09:34:00+00:00 [queued]>
[2025-10-16T09:35:00.105+0000] {taskinstance.py:2076} INFO - Dependencies all met for dep_context=requeueable deps ti=<TaskInstance: dag1.say_hello scheduled__2025-10-16T09:34:00+00:00 [queued]>
[2025-10-16T09:35:00.106+0000] {taskinstance.py:2306} INFO - Starting attempt 1 of 1
[2025-10-16T09:35:00.118+0000] {taskinstance.py:2330} INFO - Executing <Task(PythonOperator): say_hello> on 2025-10-16 09:34:00+00:00
[2025-10-16T09:35:00.125+0000] {warnings.py:112} WARNING - /home/***/.local/lib/python3.12/site-packages/***/task/task_runner/standard_task_runner.py:61: DeprecationWarning: This process (pid=84) is multi-threaded, use of fork() may lead to deadlocks in the child.
  pid = os.fork()

[2025-10-16T09:35:00.127+0000] {standard_task_runner.py:63} INFO - Started process 86 to run task
[2025-10-16T09:35:00.126+0000] {standard_task_runner.py:90} INFO - Running: ['***', 'tasks', 'run', 'dag1', 'say_hello', 'scheduled__2025-10-16T09:34:00+00:00', '--job-id', '11', '--raw', '--subdir', 'DAGS_FOLDER/dag1.py', '--cfg-path', '/tmp/tmpto3xv2p1']
[2025-10-16T09:35:00.128+0000] {standard_task_runner.py:91} INFO - Job 11: Subtask say_hello
[2025-10-16T09:35:00.138+0000] {warnings.py:112} WARNING - /home/***/.local/lib/python3.12/site-packages/***/settings.py:195: DeprecationWarning: The sql_alchemy_conn option in [core] has been moved to the sql_alchemy_conn option in [database] - the old setting has been used, but please update your config.
  SQL_ALCHEMY_CONN = conf.get("database", "SQL_ALCHEMY_CONN")

[2025-10-16T09:35:00.162+0000] {task_command.py:426} INFO - Running <TaskInstance: dag1.say_hello scheduled__2025-10-16T09:34:00+00:00 [running]> on host bb861ccd12fb
[2025-10-16T09:35:00.228+0000] {taskinstance.py:2648} INFO - Exporting env vars: AIRFLOW_CTX_DAG_OWNER='***' AIRFLOW_CTX_DAG_ID='dag1' AIRFLOW_CTX_TASK_ID='say_hello' AIRFLOW_CTX_EXECUTION_DATE='2025-10-16T09:34:00+00:00' AIRFLOW_CTX_TRY_NUMBER='1' AIRFLOW_CTX_DAG_RUN_ID='scheduled__2025-10-16T09:34:00+00:00'
[2025-10-16T09:35:00.230+0000] {taskinstance.py:430} INFO - ::endgroup::
[2025-10-16T09:35:00.230+0000] {logging_mixin.py:188} INFO - Hello Airflow! This is my first DAG.
[2025-10-16T09:35:00.231+0000] {python.py:237} INFO - Done. Returned value was: None
[2025-10-16T09:35:00.232+0000] {taskinstance.py:441} INFO - ::group::Post task execution logs
[2025-10-16T09:35:00.240+0000] {taskinstance.py:1206} INFO - Marking task as SUCCESS. dag_id=dag1, task_id=say_hello, run_id=scheduled__2025-10-16T09:34:00+00:00, execution_date=20251016T093400, start_date=20251016T093500, end_date=20251016T093500
[2025-10-16T09:35:00.264+0000] {local_task_job_runner.py:240} INFO - Task exited with return code 0
[2025-10-16T09:35:00.275+0000] {taskinstance.py:3503} INFO - 0 downstream tasks scheduled from follow-on schedule check
[2025-10-16T09:35:00.277+0000] {local_task_job_runner.py:222} INFO - ::endgroup::
