[2025-10-16T10:01:01.624+0000] {local_task_job_runner.py:120} INFO - ::group::Pre task execution logs
[2025-10-16T10:01:01.644+0000] {taskinstance.py:2076} INFO - Dependencies all met for dep_context=non-requeueable deps ti=<TaskInstance: dag2.dag2_bash_1 scheduled__2025-10-16T10:00:00+00:00 [queued]>
[2025-10-16T10:01:01.650+0000] {taskinstance.py:2076} INFO - Dependencies all met for dep_context=requeueable deps ti=<TaskInstance: dag2.dag2_bash_1 scheduled__2025-10-16T10:00:00+00:00 [queued]>
[2025-10-16T10:01:01.651+0000] {taskinstance.py:2306} INFO - Starting attempt 1 of 1
[2025-10-16T10:01:01.662+0000] {taskinstance.py:2330} INFO - Executing <Task(BashOperator): dag2_bash_1> on 2025-10-16 10:00:00+00:00
[2025-10-16T10:01:01.669+0000] {warnings.py:112} WARNING - /home/***/.local/lib/python3.12/site-packages/***/task/task_runner/standard_task_runner.py:61: DeprecationWarning: This process (pid=199) is multi-threaded, use of fork() may lead to deadlocks in the child.
  pid = os.fork()

[2025-10-16T10:01:01.671+0000] {standard_task_runner.py:63} INFO - Started process 201 to run task
[2025-10-16T10:01:01.671+0000] {standard_task_runner.py:90} INFO - Running: ['***', 'tasks', 'run', 'dag2', 'dag2_bash_1', 'scheduled__2025-10-16T10:00:00+00:00', '--job-id', '46', '--raw', '--subdir', 'DAGS_FOLDER/dag2.py', '--cfg-path', '/tmp/tmpgsdqh_7k']
[2025-10-16T10:01:01.673+0000] {standard_task_runner.py:91} INFO - Job 46: Subtask dag2_bash_1
[2025-10-16T10:01:01.682+0000] {warnings.py:112} WARNING - /home/***/.local/lib/python3.12/site-packages/***/settings.py:195: DeprecationWarning: The sql_alchemy_conn option in [core] has been moved to the sql_alchemy_conn option in [database] - the old setting has been used, but please update your config.
  SQL_ALCHEMY_CONN = conf.get("database", "SQL_ALCHEMY_CONN")

[2025-10-16T10:01:01.711+0000] {task_command.py:426} INFO - Running <TaskInstance: dag2.dag2_bash_1 scheduled__2025-10-16T10:00:00+00:00 [running]> on host bb861ccd12fb
[2025-10-16T10:01:01.772+0000] {taskinstance.py:2648} INFO - Exporting env vars: AIRFLOW_CTX_DAG_OWNER='***' AIRFLOW_CTX_DAG_ID='dag2' AIRFLOW_CTX_TASK_ID='dag2_bash_1' AIRFLOW_CTX_EXECUTION_DATE='2025-10-16T10:00:00+00:00' AIRFLOW_CTX_TRY_NUMBER='1' AIRFLOW_CTX_DAG_RUN_ID='scheduled__2025-10-16T10:00:00+00:00'
[2025-10-16T10:01:01.774+0000] {taskinstance.py:430} INFO - ::endgroup::
[2025-10-16T10:01:01.775+0000] {subprocess.py:63} INFO - Tmp dir root location: /tmp
[2025-10-16T10:01:01.777+0000] {subprocess.py:75} INFO - Running command: ['/usr/bin/bash', '-c', 'echo "hello bash"']
[2025-10-16T10:01:01.787+0000] {subprocess.py:86} INFO - Output:
[2025-10-16T10:01:01.788+0000] {subprocess.py:93} INFO - hello bash
[2025-10-16T10:01:01.789+0000] {subprocess.py:97} INFO - Command exited with return code 0
[2025-10-16T10:01:01.790+0000] {taskinstance.py:441} INFO - ::group::Post task execution logs
[2025-10-16T10:01:01.805+0000] {taskinstance.py:1206} INFO - Marking task as SUCCESS. dag_id=dag2, task_id=dag2_bash_1, run_id=scheduled__2025-10-16T10:00:00+00:00, execution_date=20251016T100000, start_date=20251016T100101, end_date=20251016T100101
[2025-10-16T10:01:01.848+0000] {local_task_job_runner.py:240} INFO - Task exited with return code 0
[2025-10-16T10:01:01.863+0000] {taskinstance.py:3503} INFO - 1 downstream tasks scheduled from follow-on schedule check
[2025-10-16T10:01:01.866+0000] {local_task_job_runner.py:222} INFO - ::endgroup::
