[2025-10-16T11:47:01.762+0000] {local_task_job_runner.py:120} INFO - ::group::Pre task execution logs
[2025-10-16T11:47:01.778+0000] {taskinstance.py:2076} INFO - Dependencies all met for dep_context=non-requeueable deps ti=<TaskInstance: Airflow_Depi.task1 scheduled__2025-10-16T11:46:00+00:00 [queued]>
[2025-10-16T11:47:01.784+0000] {taskinstance.py:2076} INFO - Dependencies all met for dep_context=requeueable deps ti=<TaskInstance: Airflow_Depi.task1 scheduled__2025-10-16T11:46:00+00:00 [queued]>
[2025-10-16T11:47:01.785+0000] {taskinstance.py:2306} INFO - Starting attempt 1 of 1
[2025-10-16T11:47:01.795+0000] {taskinstance.py:2330} INFO - Executing <Task(BashOperator): task1> on 2025-10-16 11:46:00+00:00
[2025-10-16T11:47:01.802+0000] {warnings.py:112} WARNING - /home/***/.local/lib/python3.12/site-packages/***/task/task_runner/standard_task_runner.py:61: DeprecationWarning: This process (pid=176) is multi-threaded, use of fork() may lead to deadlocks in the child.
  pid = os.fork()

[2025-10-16T11:47:01.803+0000] {standard_task_runner.py:63} INFO - Started process 178 to run task
[2025-10-16T11:47:01.803+0000] {standard_task_runner.py:90} INFO - Running: ['***', 'tasks', 'run', 'Airflow_Depi', 'task1', 'scheduled__2025-10-16T11:46:00+00:00', '--job-id', '137', '--raw', '--subdir', 'DAGS_FOLDER/Airflow_depi.py', '--cfg-path', '/tmp/tmp97zvarez']
[2025-10-16T11:47:01.805+0000] {standard_task_runner.py:91} INFO - Job 137: Subtask task1
[2025-10-16T11:47:01.816+0000] {warnings.py:112} WARNING - /home/***/.local/lib/python3.12/site-packages/***/settings.py:195: DeprecationWarning: The sql_alchemy_conn option in [core] has been moved to the sql_alchemy_conn option in [database] - the old setting has been used, but please update your config.
  SQL_ALCHEMY_CONN = conf.get("database", "SQL_ALCHEMY_CONN")

[2025-10-16T11:47:01.844+0000] {task_command.py:426} INFO - Running <TaskInstance: Airflow_Depi.task1 scheduled__2025-10-16T11:46:00+00:00 [running]> on host a31b0a3647d9
[2025-10-16T11:47:01.999+0000] {taskinstance.py:2648} INFO - Exporting env vars: AIRFLOW_CTX_DAG_OWNER='***' AIRFLOW_CTX_DAG_ID='Airflow_Depi' AIRFLOW_CTX_TASK_ID='task1' AIRFLOW_CTX_EXECUTION_DATE='2025-10-16T11:46:00+00:00' AIRFLOW_CTX_TRY_NUMBER='1' AIRFLOW_CTX_DAG_RUN_ID='scheduled__2025-10-16T11:46:00+00:00'
[2025-10-16T11:47:02.005+0000] {taskinstance.py:430} INFO - ::endgroup::
[2025-10-16T11:47:02.006+0000] {subprocess.py:63} INFO - Tmp dir root location: /tmp
[2025-10-16T11:47:02.008+0000] {subprocess.py:75} INFO - Running command: ['/usr/bin/bash', '-c', 'date']
[2025-10-16T11:47:02.019+0000] {subprocess.py:86} INFO - Output:
[2025-10-16T11:47:02.021+0000] {subprocess.py:93} INFO - Thu Oct 16 11:47:02 UTC 2025
[2025-10-16T11:47:02.021+0000] {subprocess.py:97} INFO - Command exited with return code 0
[2025-10-16T11:47:02.022+0000] {taskinstance.py:441} INFO - ::group::Post task execution logs
[2025-10-16T11:47:02.044+0000] {taskinstance.py:1206} INFO - Marking task as SUCCESS. dag_id=Airflow_Depi, task_id=task1, run_id=scheduled__2025-10-16T11:46:00+00:00, execution_date=20251016T114600, start_date=20251016T114701, end_date=20251016T114702
[2025-10-16T11:47:02.064+0000] {local_task_job_runner.py:240} INFO - Task exited with return code 0
[2025-10-16T11:47:02.084+0000] {taskinstance.py:3503} INFO - 1 downstream tasks scheduled from follow-on schedule check
[2025-10-16T11:47:02.089+0000] {local_task_job_runner.py:222} INFO - ::endgroup::
