[2025-10-16T14:25:02.529+0000] {local_task_job_runner.py:120} INFO - ::group::Pre task execution logs
[2025-10-16T14:25:02.554+0000] {taskinstance.py:2076} INFO - Dependencies all met for dep_context=non-requeueable deps ti=<TaskInstance: email_task.task_sql scheduled__2025-10-16T14:20:00+00:00 [queued]>
[2025-10-16T14:25:02.562+0000] {taskinstance.py:2076} INFO - Dependencies all met for dep_context=requeueable deps ti=<TaskInstance: email_task.task_sql scheduled__2025-10-16T14:20:00+00:00 [queued]>
[2025-10-16T14:25:02.564+0000] {taskinstance.py:2306} INFO - Starting attempt 1 of 1
[2025-10-16T14:25:02.577+0000] {taskinstance.py:2330} INFO - Executing <Task(PythonOperator): task_sql> on 2025-10-16 14:20:00+00:00
[2025-10-16T14:25:02.585+0000] {warnings.py:112} WARNING - /home/***/.local/lib/python3.12/site-packages/***/task/task_runner/standard_task_runner.py:61: DeprecationWarning: This process (pid=244) is multi-threaded, use of fork() may lead to deadlocks in the child.
  pid = os.fork()

[2025-10-16T14:25:02.588+0000] {standard_task_runner.py:63} INFO - Started process 246 to run task
[2025-10-16T14:25:02.587+0000] {standard_task_runner.py:90} INFO - Running: ['***', 'tasks', 'run', 'email_task', 'task_sql', 'scheduled__2025-10-16T14:20:00+00:00', '--job-id', '159', '--raw', '--subdir', 'DAGS_FOLDER/email_task.py', '--cfg-path', '/tmp/tmpz2qm2o8s']
[2025-10-16T14:25:02.590+0000] {standard_task_runner.py:91} INFO - Job 159: Subtask task_sql
[2025-10-16T14:25:02.603+0000] {warnings.py:112} WARNING - /home/***/.local/lib/python3.12/site-packages/***/settings.py:195: DeprecationWarning: The sql_alchemy_conn option in [core] has been moved to the sql_alchemy_conn option in [database] - the old setting has been used, but please update your config.
  SQL_ALCHEMY_CONN = conf.get("database", "SQL_ALCHEMY_CONN")

[2025-10-16T14:25:02.642+0000] {task_command.py:426} INFO - Running <TaskInstance: email_task.task_sql scheduled__2025-10-16T14:20:00+00:00 [running]> on host a31b0a3647d9
[2025-10-16T14:25:02.721+0000] {taskinstance.py:2648} INFO - Exporting env vars: AIRFLOW_CTX_DAG_OWNER='***' AIRFLOW_CTX_DAG_ID='email_task' AIRFLOW_CTX_TASK_ID='task_sql' AIRFLOW_CTX_EXECUTION_DATE='2025-10-16T14:20:00+00:00' AIRFLOW_CTX_TRY_NUMBER='1' AIRFLOW_CTX_DAG_RUN_ID='scheduled__2025-10-16T14:20:00+00:00'
[2025-10-16T14:25:02.726+0000] {taskinstance.py:430} INFO - ::endgroup::
[2025-10-16T14:25:02.798+0000] {python.py:237} INFO - Done. Returned value was: None
[2025-10-16T14:25:02.801+0000] {taskinstance.py:441} INFO - ::group::Post task execution logs
[2025-10-16T14:25:02.815+0000] {taskinstance.py:1206} INFO - Marking task as SUCCESS. dag_id=email_task, task_id=task_sql, run_id=scheduled__2025-10-16T14:20:00+00:00, execution_date=20251016T142000, start_date=20251016T142502, end_date=20251016T142502
[2025-10-16T14:25:02.855+0000] {local_task_job_runner.py:240} INFO - Task exited with return code 0
[2025-10-16T14:25:02.897+0000] {taskinstance.py:3503} INFO - 1 downstream tasks scheduled from follow-on schedule check
[2025-10-16T14:25:02.901+0000] {local_task_job_runner.py:222} INFO - ::endgroup::
