[2025-10-16T11:43:52.185+0000] {local_task_job_runner.py:120} INFO - ::group::Pre task execution logs
[2025-10-16T11:43:52.203+0000] {taskinstance.py:2076} INFO - Dependencies all met for dep_context=non-requeueable deps ti=<TaskInstance: Airflow_Depi.task3 manual__2025-10-16T11:36:07.985511+00:00 [queued]>
[2025-10-16T11:43:52.211+0000] {taskinstance.py:2076} INFO - Dependencies all met for dep_context=requeueable deps ti=<TaskInstance: Airflow_Depi.task3 manual__2025-10-16T11:36:07.985511+00:00 [queued]>
[2025-10-16T11:43:52.212+0000] {taskinstance.py:2306} INFO - Starting attempt 2 of 2
[2025-10-16T11:43:52.225+0000] {taskinstance.py:2330} INFO - Executing <Task(PythonOperator): task3> on 2025-10-16 11:36:07.985511+00:00
[2025-10-16T11:43:52.234+0000] {warnings.py:112} WARNING - /home/***/.local/lib/python3.12/site-packages/***/task/task_runner/standard_task_runner.py:61: DeprecationWarning: This process (pid=140) is multi-threaded, use of fork() may lead to deadlocks in the child.
  pid = os.fork()

[2025-10-16T11:43:52.236+0000] {standard_task_runner.py:63} INFO - Started process 145 to run task
[2025-10-16T11:43:52.235+0000] {standard_task_runner.py:90} INFO - Running: ['***', 'tasks', 'run', 'Airflow_Depi', 'task3', 'manual__2025-10-16T11:36:07.985511+00:00', '--job-id', '127', '--raw', '--subdir', 'DAGS_FOLDER/Airflow_depi.py', '--cfg-path', '/tmp/tmp8mr0wjms']
[2025-10-16T11:43:52.238+0000] {standard_task_runner.py:91} INFO - Job 127: Subtask task3
[2025-10-16T11:43:52.248+0000] {warnings.py:112} WARNING - /home/***/.local/lib/python3.12/site-packages/***/settings.py:195: DeprecationWarning: The sql_alchemy_conn option in [core] has been moved to the sql_alchemy_conn option in [database] - the old setting has been used, but please update your config.
  SQL_ALCHEMY_CONN = conf.get("database", "SQL_ALCHEMY_CONN")

[2025-10-16T11:43:52.276+0000] {task_command.py:426} INFO - Running <TaskInstance: Airflow_Depi.task3 manual__2025-10-16T11:36:07.985511+00:00 [running]> on host a31b0a3647d9
[2025-10-16T11:43:52.343+0000] {taskinstance.py:2648} INFO - Exporting env vars: AIRFLOW_CTX_DAG_OWNER='***' AIRFLOW_CTX_DAG_ID='Airflow_Depi' AIRFLOW_CTX_TASK_ID='task3' AIRFLOW_CTX_EXECUTION_DATE='2025-10-16T11:36:07.985511+00:00' AIRFLOW_CTX_TRY_NUMBER='2' AIRFLOW_CTX_DAG_RUN_ID='manual__2025-10-16T11:36:07.985511+00:00'
[2025-10-16T11:43:52.345+0000] {taskinstance.py:430} INFO - ::endgroup::
[2025-10-16T11:43:52.349+0000] {python.py:237} INFO - Done. Returned value was: None
[2025-10-16T11:43:52.349+0000] {taskinstance.py:441} INFO - ::group::Post task execution logs
[2025-10-16T11:43:52.356+0000] {taskinstance.py:1206} INFO - Marking task as SUCCESS. dag_id=Airflow_Depi, task_id=task3, run_id=manual__2025-10-16T11:36:07.985511+00:00, execution_date=20251016T113607, start_date=20251016T114352, end_date=20251016T114352
[2025-10-16T11:43:52.373+0000] {local_task_job_runner.py:240} INFO - Task exited with return code 0
[2025-10-16T11:43:52.388+0000] {taskinstance.py:3503} INFO - 0 downstream tasks scheduled from follow-on schedule check
[2025-10-16T11:43:52.391+0000] {local_task_job_runner.py:222} INFO - ::endgroup::
